{"uuid":"85baee2e-843e-4b72-8d14-43cb7760c1ad","fullName":"Negative Login API Test with Invalid password","labels":[{"name":"epic","value":"TestSuite"},{"name":"package","value":"com.scripBox.apitest"},{"name":"testClass","value":"com.scripBox.apitest.ApiTest"},{"name":"testMethod","value":"NegativeRegisterAPIWithInvalidPassword"},{"name":"parentSuite","value":"TestSuite"},{"name":"suite","value":"com.scripBox.apitest.ApiTest"},{"name":"host","value":"Administrators-MacBook-Pro.local"},{"name":"thread","value":"18399@Administrators-MacBook-Pro.local.main(1)"},{"name":"framework","value":"testng"},{"name":"language","value":"java"}],"links":[],"name":"Negative Login API Test with Invalid password","status":"failed","statusDetails":{"known":false,"muted":false,"flaky":false,"message":"Token should not be null expected [null] but found [QpwL5tke4Pnpja7X4]","trace":"java.lang.AssertionError: Token should not be null expected [null] but found [QpwL5tke4Pnpja7X4]\n\tat org.testng.Assert.fail(Assert.java:110)\n\tat org.testng.Assert.failNotSame(Assert.java:1573)\n\tat org.testng.Assert.assertNull(Assert.java:1506)\n\tat com.scripBox.apitest.LoginPage.NegativeRegisterScenarioWithInvalidPassword(LoginPage.java:50)\n\tat com.scripBox.apitest.ApiTest.NegativeRegisterAPIWithInvalidPassword(ApiTest.java:40)\n\tat java.base/jdk.internal.reflect.NativeMethodAccessorImpl.invoke0(Native Method)\n\tat java.base/jdk.internal.reflect.NativeMethodAccessorImpl.invoke(NativeMethodAccessorImpl.java:62)\n\tat java.base/jdk.internal.reflect.DelegatingMethodAccessorImpl.invoke(DelegatingMethodAccessorImpl.java:43)\n\tat java.base/java.lang.reflect.Method.invoke(Method.java:566)\n\tat org.testng.internal.invokers.MethodInvocationHelper.invokeMethod(MethodInvocationHelper.java:139)\n\tat org.testng.internal.invokers.TestInvoker.invokeMethod(TestInvoker.java:677)\n\tat org.testng.internal.invokers.TestInvoker.invokeTestMethod(TestInvoker.java:221)\n\tat org.testng.internal.invokers.MethodRunner.runInSequence(MethodRunner.java:50)\n\tat org.testng.internal.invokers.TestInvoker$MethodInvocationAgent.invoke(TestInvoker.java:969)\n\tat org.testng.internal.invokers.TestInvoker.invokeTestMethods(TestInvoker.java:194)\n\tat org.testng.internal.invokers.TestMethodWorker.invokeTestMethods(TestMethodWorker.java:148)\n\tat org.testng.internal.invokers.TestMethodWorker.run(TestMethodWorker.java:128)\n\tat java.base/java.util.ArrayList.forEach(ArrayList.java:1541)\n\tat org.testng.TestRunner.privateRun(TestRunner.java:829)\n\tat org.testng.TestRunner.run(TestRunner.java:602)\n\tat org.testng.SuiteRunner.runTest(SuiteRunner.java:437)\n\tat org.testng.SuiteRunner.runSequentially(SuiteRunner.java:431)\n\tat org.testng.SuiteRunner.privateRun(SuiteRunner.java:391)\n\tat org.testng.SuiteRunner.run(SuiteRunner.java:330)\n\tat org.testng.SuiteRunnerWorker.runSuite(SuiteRunnerWorker.java:52)\n\tat org.testng.SuiteRunnerWorker.run(SuiteRunnerWorker.java:95)\n\tat org.testng.TestNG.runSuitesSequentially(TestNG.java:1256)\n\tat org.testng.TestNG.runSuitesLocally(TestNG.java:1176)\n\tat org.testng.TestNG.runSuites(TestNG.java:1099)\n\tat org.testng.TestNG.run(TestNG.java:1067)\n\tat com.intellij.rt.testng.IDEARemoteTestNG.run(IDEARemoteTestNG.java:65)\n\tat com.intellij.rt.testng.RemoteTestNGStarter.main(RemoteTestNGStarter.java:105)\n"},"stage":"finished","steps":[{"name":"Register API Test Negative Scenario with Invalid Password","status":"failed","statusDetails":{"known":false,"muted":false,"flaky":false,"message":"Token should not be null expected [null] but found [QpwL5tke4Pnpja7X4]","trace":"java.lang.AssertionError: Token should not be null expected [null] but found [QpwL5tke4Pnpja7X4]\n\tat org.testng.Assert.fail(Assert.java:110)\n\tat org.testng.Assert.failNotSame(Assert.java:1573)\n\tat org.testng.Assert.assertNull(Assert.java:1506)\n\tat com.scripBox.apitest.LoginPage.NegativeRegisterScenarioWithInvalidPassword(LoginPage.java:50)\n\tat com.scripBox.apitest.ApiTest.NegativeRegisterAPIWithInvalidPassword(ApiTest.java:40)\n\tat java.base/jdk.internal.reflect.NativeMethodAccessorImpl.invoke0(Native Method)\n\tat java.base/jdk.internal.reflect.NativeMethodAccessorImpl.invoke(NativeMethodAccessorImpl.java:62)\n\tat java.base/jdk.internal.reflect.DelegatingMethodAccessorImpl.invoke(DelegatingMethodAccessorImpl.java:43)\n\tat java.base/java.lang.reflect.Method.invoke(Method.java:566)\n\tat org.testng.internal.invokers.MethodInvocationHelper.invokeMethod(MethodInvocationHelper.java:139)\n\tat org.testng.internal.invokers.TestInvoker.invokeMethod(TestInvoker.java:677)\n\tat org.testng.internal.invokers.TestInvoker.invokeTestMethod(TestInvoker.java:221)\n\tat org.testng.internal.invokers.MethodRunner.runInSequence(MethodRunner.java:50)\n\tat org.testng.internal.invokers.TestInvoker$MethodInvocationAgent.invoke(TestInvoker.java:969)\n\tat org.testng.internal.invokers.TestInvoker.invokeTestMethods(TestInvoker.java:194)\n\tat org.testng.internal.invokers.TestMethodWorker.invokeTestMethods(TestMethodWorker.java:148)\n\tat org.testng.internal.invokers.TestMethodWorker.run(TestMethodWorker.java:128)\n\tat java.base/java.util.ArrayList.forEach(ArrayList.java:1541)\n\tat org.testng.TestRunner.privateRun(TestRunner.java:829)\n\tat org.testng.TestRunner.run(TestRunner.java:602)\n\tat org.testng.SuiteRunner.runTest(SuiteRunner.java:437)\n\tat org.testng.SuiteRunner.runSequentially(SuiteRunner.java:431)\n\tat org.testng.SuiteRunner.privateRun(SuiteRunner.java:391)\n\tat org.testng.SuiteRunner.run(SuiteRunner.java:330)\n\tat org.testng.SuiteRunnerWorker.runSuite(SuiteRunnerWorker.java:52)\n\tat org.testng.SuiteRunnerWorker.run(SuiteRunnerWorker.java:95)\n\tat org.testng.TestNG.runSuitesSequentially(TestNG.java:1256)\n\tat org.testng.TestNG.runSuitesLocally(TestNG.java:1176)\n\tat org.testng.TestNG.runSuites(TestNG.java:1099)\n\tat org.testng.TestNG.run(TestNG.java:1067)\n\tat com.intellij.rt.testng.IDEARemoteTestNG.run(IDEARemoteTestNG.java:65)\n\tat com.intellij.rt.testng.RemoteTestNGStarter.main(RemoteTestNGStarter.java:105)\n"},"stage":"finished","steps":[],"attachments":[{"name":"Request","source":"13b47e02-8d60-45e7-aea2-4d7fad48ff68-attachment.html","type":"text/html"},{"name":"Response","source":"55a9dce6-ec7a-473e-b468-2ef4166cf7fe-attachment.html","type":"text/html"}],"parameters":[],"start":1719120725658,"stop":1719120726102}],"attachments":[],"parameters":[],"start":1719120725658,"stop":1719120726103}